<?xml version="1.0" encoding="UTF-8"?>
<robot generator="Robot 5.0.1 (Python 3.10.6 on linux)" generated="20220925 15:24:07.243" rpa="false" schemaversion="3">
<suite id="s1" name="testwithRobot" source="/home/natali/Downloads/testwithRobot">
<suite id="s1-s1" name="Chico" source="/home/natali/Downloads/testwithRobot/chico.robot">
<test id="s1-s1-t1" name="Processo de compra de uma camiseta &quot;Nem Te Vi&quot; no site do Chico Rei" line="28">
<kw name="Abrir navegador e clicar em &quot;Concordar&quot; no aviso sobre Cookies" library="chico" type="SETUP">
<kw name="Open Browser" library="SeleniumLibrary">
<arg>${URL}</arg>
<arg>${BROWSER}</arg>
<doc>Opens a new browser instance to the optional ``url``.</doc>
<msg timestamp="20220925 15:24:08.063" level="INFO">Opening browser 'googlechrome' to base url 'https://chicorei.com/'.</msg>
<status status="PASS" starttime="20220925 15:24:08.062" endtime="20220925 15:24:16.276"/>
</kw>
<kw name="Maximize Browser Window" library="SeleniumLibrary">
<doc>Maximizes current browser window.</doc>
<status status="PASS" starttime="20220925 15:24:16.276" endtime="20220925 15:24:16.958"/>
</kw>
<kw name="Click Element" library="SeleniumLibrary">
<arg>${CONCORDAR}</arg>
<doc>Click the element identified by ``locator``.</doc>
<msg timestamp="20220925 15:24:16.959" level="INFO">Clicking element '//button[@id='confirmPolicyButton']'.</msg>
<status status="PASS" starttime="20220925 15:24:16.958" endtime="20220925 15:24:18.321"/>
</kw>
<status status="PASS" starttime="20220925 15:24:08.060" endtime="20220925 15:24:18.322"/>
</kw>
<kw name="Abrir navegador - Nem te vi" library="chico">
<kw name="Open Browser" library="SeleniumLibrary">
<arg>${URL}</arg>
<arg>${BROWSER}</arg>
<doc>Opens a new browser instance to the optional ``url``.</doc>
<msg timestamp="20220925 15:24:18.332" level="INFO">Opening browser 'googlechrome' to base url 'https://chicorei.com/'.</msg>
<status status="PASS" starttime="20220925 15:24:18.324" endtime="20220925 15:24:28.661"/>
</kw>
<kw name="Maximize Browser Window" library="SeleniumLibrary">
<doc>Maximizes current browser window.</doc>
<status status="PASS" starttime="20220925 15:24:28.661" endtime="20220925 15:24:28.789"/>
</kw>
<status status="PASS" starttime="20220925 15:24:18.323" endtime="20220925 15:24:28.790"/>
</kw>
<kw name="Clicar em &quot;Concordar&quot; no aviso sobre Cookies- Nem te vi" library="chico">
<kw name="Click Button" library="SeleniumLibrary">
<arg>${CONCORDAR}</arg>
<doc>Clicks the button identified by ``locator``.</doc>
<msg timestamp="20220925 15:24:28.825" level="INFO">Clicking button '//button[@id='confirmPolicyButton']'.</msg>
<status status="PASS" starttime="20220925 15:24:28.796" endtime="20220925 15:24:31.753"/>
</kw>
<status status="PASS" starttime="20220925 15:24:28.795" endtime="20220925 15:24:31.753"/>
</kw>
<kw name="Pesquisar por &quot;Nem Te Vi&quot; e selecionar a primeira opção da lista de resultados" library="chico">
<kw name="Click Element" library="SeleniumLibrary">
<arg>${CAMPO_PESQUISAR}</arg>
<doc>Click the element identified by ``locator``.</doc>
<msg timestamp="20220925 15:24:31.776" level="INFO">Clicking element '//*[@id="header-search-input-desktop"]'.</msg>
<status status="PASS" starttime="20220925 15:24:31.775" endtime="20220925 15:24:32.118"/>
</kw>
<kw name="Input Text" library="SeleniumLibrary">
<arg>${CAMPO_PESQUISAR}</arg>
<arg>${NEM_TE_VI}</arg>
<doc>Types the given ``text`` into the text field identified by ``locator``.</doc>
<msg timestamp="20220925 15:24:32.120" level="INFO">Typing text 'Nem Te Vi' into text field '//*[@id="header-search-input-desktop"]'.</msg>
<status status="PASS" starttime="20220925 15:24:32.119" endtime="20220925 15:24:32.928"/>
</kw>
<kw name="Sleep" library="BuiltIn">
<arg>2s</arg>
<doc>Pauses the test executed for the given time.</doc>
<msg timestamp="20220925 15:24:34.930" level="INFO">Slept 2 seconds</msg>
<status status="PASS" starttime="20220925 15:24:32.929" endtime="20220925 15:24:34.932"/>
</kw>
<kw name="Click Element" library="SeleniumLibrary">
<arg>${CLICA_RESULTADO}</arg>
<doc>Click the element identified by ``locator``.</doc>
<msg timestamp="20220925 15:24:34.934" level="INFO">Clicking element '//*[@id="header-search-desktop"]/form/div/div/div/div[1]/div/div[2]/div[1]'.</msg>
<status status="PASS" starttime="20220925 15:24:34.933" endtime="20220925 15:24:43.563"/>
</kw>
<kw name="Mouse Over" library="SeleniumLibrary">
<arg>${CAMPO_PESQUISAR}</arg>
<doc>Simulates hovering the mouse over the element ``locator``.</doc>
<msg timestamp="20220925 15:24:43.565" level="INFO">Simulating Mouse Over on element '//*[@id="header-search-input-desktop"]'.</msg>
<status status="PASS" starttime="20220925 15:24:43.564" endtime="20220925 15:24:46.162"/>
</kw>
<kw name="Sleep" library="BuiltIn">
<arg>2s</arg>
<doc>Pauses the test executed for the given time.</doc>
<msg timestamp="20220925 15:24:48.166" level="INFO">Slept 2 seconds</msg>
<status status="PASS" starttime="20220925 15:24:46.162" endtime="20220925 15:24:48.212"/>
</kw>
<status status="PASS" starttime="20220925 15:24:31.773" endtime="20220925 15:24:48.212"/>
</kw>
<kw name="Validar o valor do produto - Nem te vi" library="chico">
<kw name="Wait Until Element Is Visible" library="SeleniumLibrary">
<arg>${VALIDAR_ELEMENTO}</arg>
<doc>Waits until the element ``locator`` is visible.</doc>
<status status="PASS" starttime="20220925 15:24:48.216" endtime="20220925 15:24:49.062"/>
</kw>
<status status="PASS" starttime="20220925 15:24:48.215" endtime="20220925 15:24:49.062"/>
</kw>
<kw name="Selecionar um tamanho, cor e clicar em comprar- Nem te vi" library="chico">
<kw name="Execute Javascript" library="SeleniumLibrary">
<arg>window.scrollTo(0,650)</arg>
<doc>Executes the given JavaScript code with possible arguments.</doc>
<msg timestamp="20220925 15:24:49.153" level="INFO">Executing JavaScript:
window.scrollTo(0,650)
Without any arguments.</msg>
<status status="PASS" starttime="20220925 15:24:49.077" endtime="20220925 15:24:49.204"/>
</kw>
<kw name="Click Element" library="SeleniumLibrary">
<arg>${TAMANHO}</arg>
<doc>Click the element identified by ``locator``.</doc>
<msg timestamp="20220925 15:24:49.206" level="INFO">Clicking element '//*[@id="product-variations"]/div[1]/div/div[3]/nav/div[1]'.</msg>
<status status="PASS" starttime="20220925 15:24:49.205" endtime="20220925 15:24:50.164"/>
</kw>
<kw name="Sleep" library="BuiltIn">
<arg>2s</arg>
<doc>Pauses the test executed for the given time.</doc>
<msg timestamp="20220925 15:24:52.166" level="INFO">Slept 2 seconds</msg>
<status status="PASS" starttime="20220925 15:24:50.165" endtime="20220925 15:24:52.172"/>
</kw>
<kw name="Click Element" library="SeleniumLibrary">
<arg>${COR}</arg>
<doc>Click the element identified by ``locator``.</doc>
<msg timestamp="20220925 15:24:52.174" level="INFO">Clicking element '//*[@id="product-variations"]/div[1]/div/div[4]/nav/div[2]/div'.</msg>
<status status="PASS" starttime="20220925 15:24:52.173" endtime="20220925 15:24:53.043"/>
</kw>
<kw name="Sleep" library="BuiltIn">
<arg>2s</arg>
<doc>Pauses the test executed for the given time.</doc>
<msg timestamp="20220925 15:24:55.054" level="INFO">Slept 2 seconds</msg>
<status status="PASS" starttime="20220925 15:24:53.043" endtime="20220925 15:24:55.061"/>
</kw>
<kw name="Click Element" library="SeleniumLibrary">
<arg>${COMPRAR}</arg>
<doc>Click the element identified by ``locator``.</doc>
<msg timestamp="20220925 15:24:55.063" level="INFO">Clicking element '//*[@id="product-buy-button-container"]/button/span[2]'.</msg>
<status status="PASS" starttime="20220925 15:24:55.062" endtime="20220925 15:24:57.588"/>
</kw>
<kw name="Sleep" library="BuiltIn">
<arg>2s</arg>
<doc>Pauses the test executed for the given time.</doc>
<msg timestamp="20220925 15:24:59.591" level="INFO">Slept 2 seconds</msg>
<status status="PASS" starttime="20220925 15:24:57.588" endtime="20220925 15:24:59.627"/>
</kw>
<status status="PASS" starttime="20220925 15:24:49.063" endtime="20220925 15:24:59.628"/>
</kw>
<kw name="Clicar em &quot;Ver sacola&quot;- Nem te vi" library="chico">
<kw name="Click Element" library="SeleniumLibrary">
<arg>${SACOLA}</arg>
<doc>Click the element identified by ``locator``.</doc>
<msg timestamp="20220925 15:24:59.662" level="INFO">Clicking element '//*[@id="header-cart-popover"]/div/div[3]/a[1]'.</msg>
<status status="PASS" starttime="20220925 15:24:59.661" endtime="20220925 15:25:06.040"/>
</kw>
<kw name="Sleep" library="BuiltIn">
<arg>4s</arg>
<doc>Pauses the test executed for the given time.</doc>
<msg timestamp="20220925 15:25:10.047" level="INFO">Slept 4 seconds</msg>
<status status="PASS" starttime="20220925 15:25:06.041" endtime="20220925 15:25:10.049"/>
</kw>
<status status="PASS" starttime="20220925 15:24:59.629" endtime="20220925 15:25:10.049"/>
</kw>
<kw name="Validar se a mensagem &quot;Compre parcelado com cartão ou á vista com boleto ou depósito&quot; está sendo exibida" library="chico">
<kw name="Execute Javascript" library="SeleniumLibrary">
<arg>window.scrollTo(0,800)</arg>
<doc>Executes the given JavaScript code with possible arguments.</doc>
<msg timestamp="20220925 15:25:10.052" level="INFO">Executing JavaScript:
window.scrollTo(0,800)
Without any arguments.</msg>
<status status="PASS" starttime="20220925 15:25:10.051" endtime="20220925 15:25:10.133"/>
</kw>
<kw name="Page Should Not Contain" library="SeleniumLibrary">
<arg>Compre parcelado com cartão ou á vista com boleto ou depósito</arg>
<doc>Verifies the current page does not contain ``text``.</doc>
<msg timestamp="20220925 15:25:11.217" level="INFO">Current page does not contain text 'Compre parcelado com cartão ou á vista com boleto ou depósito'.</msg>
<status status="PASS" starttime="20220925 15:25:10.133" endtime="20220925 15:25:11.222"/>
</kw>
<kw name="Sleep" library="BuiltIn">
<arg>2s</arg>
<doc>Pauses the test executed for the given time.</doc>
<msg timestamp="20220925 15:25:13.224" level="INFO">Slept 2 seconds</msg>
<status status="PASS" starttime="20220925 15:25:11.223" endtime="20220925 15:25:13.242"/>
</kw>
<kw name="Execute Javascript" library="SeleniumLibrary">
<arg>window.scrollTo(800,0)</arg>
<doc>Executes the given JavaScript code with possible arguments.</doc>
<msg timestamp="20220925 15:25:13.243" level="INFO">Executing JavaScript:
window.scrollTo(800,0)
Without any arguments.</msg>
<status status="PASS" starttime="20220925 15:25:13.242" endtime="20220925 15:25:13.400"/>
</kw>
<status status="PASS" starttime="20220925 15:25:10.050" endtime="20220925 15:25:13.401"/>
</kw>
<kw name="Clicar em &quot;Fechar pedido&quot; - Nem te vi" library="chico">
<kw name="Click Element" library="SeleniumLibrary">
<arg>${FECHAR_PEDIDO}</arg>
<doc>Click the element identified by ``locator``.</doc>
<msg timestamp="20220925 15:25:13.414" level="INFO">Clicking element '//*[@id="cart-finish"]/button[2]'.</msg>
<status status="PASS" starttime="20220925 15:25:13.408" endtime="20220925 15:25:17.054"/>
</kw>
<kw name="Sleep" library="BuiltIn">
<arg>4s</arg>
<doc>Pauses the test executed for the given time.</doc>
<msg timestamp="20220925 15:25:21.056" level="INFO">Slept 4 seconds</msg>
<status status="PASS" starttime="20220925 15:25:17.054" endtime="20220925 15:25:21.058"/>
</kw>
<kw name="Page Should Contain" library="SeleniumLibrary">
<arg>Login</arg>
<doc>Verifies that current page contains ``text``.</doc>
<msg timestamp="20220925 15:25:21.131" level="INFO">Current page contains text 'Login'.</msg>
<status status="PASS" starttime="20220925 15:25:21.059" endtime="20220925 15:25:21.144"/>
</kw>
<status status="PASS" starttime="20220925 15:25:13.407" endtime="20220925 15:25:21.145"/>
</kw>
<kw name="Finalizar testes" library="chico" type="TEARDOWN">
<kw name="Close Browser" library="SeleniumLibrary">
<doc>Closes the current browser.</doc>
<status status="PASS" starttime="20220925 15:25:21.165" endtime="20220925 15:25:21.587"/>
</kw>
<status status="PASS" starttime="20220925 15:25:21.160" endtime="20220925 15:25:21.590"/>
</kw>
<status status="PASS" starttime="20220925 15:24:08.054" endtime="20220925 15:25:21.590"/>
</test>
<status status="PASS" starttime="20220925 15:24:07.329" endtime="20220925 15:25:21.602"/>
</suite>
<status status="PASS" starttime="20220925 15:24:07.248" endtime="20220925 15:25:21.620"/>
</suite>
<statistics>
<total>
<stat pass="1" fail="0" skip="0">All Tests</stat>
</total>
<tag>
</tag>
<suite>
<stat pass="1" fail="0" skip="0" id="s1" name="testwithRobot">testwithRobot</stat>
<stat pass="1" fail="0" skip="0" id="s1-s1" name="Chico">testwithRobot.Chico</stat>
</suite>
</statistics>
<errors>
</errors>
</robot>
